Flat profile:

Each sample counts as 0.01 seconds.
  %   cumulative   self              self     total           
 time   seconds   seconds    calls  ms/call  ms/call  name    
 19.44      0.07     0.07      730     0.10     0.15  szrun_
 16.67      0.13     0.06      730     0.08     0.08  muskingum_run_
 11.11      0.17     0.04   378444     0.00     0.00  compute_t_
  8.33      0.20     0.03      734     0.04     0.05  climate_hru_
  5.56      0.22     0.02   215650     0.00     0.00  compute_interflow_
  5.56      0.24     0.02   188273     0.00     0.00  compute_szactet_
  5.56      0.26     0.02   179580     0.00     0.00  dprst_comp_
  5.56      0.28     0.02      730     0.03     0.03  intrun_
  5.56      0.30     0.02      730     0.03     0.03  route_run_
  5.56      0.32     0.02      517     0.04     0.12  compute_soltab_
  2.78      0.33     0.01   188340     0.00     0.00  temp_set_
  2.78      0.34     0.01   103641     0.00     0.00  perv_comp_
  2.78      0.35     0.01      730     0.01     0.01  gwflowrun_
  2.78      0.36     0.01      297     0.03     0.03  sort_vars
  0.00      0.36     0.00   568116     0.00     0.00  f_to_c_
  0.00      0.36     0.00   430700     0.00     0.00  CHECK_data
  0.00      0.36     0.00   189222     0.00     0.00  func3_
  0.00      0.36     0.00   188340     0.00     0.00  compute_infil_
  0.00      0.36     0.00   188273     0.00     0.00  compute_soilmoist_
  0.00      0.36     0.00   103778     0.00     0.00  precip_form_
  0.00      0.36     0.00   103387     0.00     0.00  intercept_
  0.00      0.36     0.00    52305     0.00     0.00  get_next_line
  0.00      0.36     0.00    29534     0.00     0.00  compute_gwflow_
  0.00      0.36     0.00     4747     0.00     0.00  umalloc
  0.00      0.36     0.00     4388     0.00     0.00  compute_julday_
  0.00      0.36     0.00     3233     0.00     0.00  var_addr
  0.00      0.36     0.00     2920     0.00     0.00  readvar
  0.00      0.36     0.00     2920     0.00     0.00  readvar_
  0.00      0.36     0.00     2453     0.00     0.00  control_addr
  0.00      0.36     0.00     2194     0.00     0.00  julian_day_
  0.00      0.36     0.00     1532     0.00     0.00  control_var
  0.00      0.36     0.00      822     0.00     0.00  write_outfile_
  0.00      0.36     0.00      739     0.00     0.00  control_var_size
  0.00      0.36     0.00      735     0.00     0.00  control_lvar
  0.00      0.36     0.00      734     0.00     0.00  basin_sum_
  0.00      0.36     0.00      734     0.00     0.49  call_modules_
  0.00      0.36     0.00      734     0.00     0.01  gwflow_
  0.00      0.36     0.00      734     0.00     0.03  intcp_
  0.00      0.36     0.00      734     0.00     0.08  muskingum_
  0.00      0.36     0.00      734     0.00     0.00  obs_
  0.00      0.36     0.00      734     0.00     0.00  prms_summary_
  0.00      0.36     0.00      734     0.00     0.00  prms_time_
  0.00      0.36     0.00      734     0.00     0.00  snowcomp_
  0.00      0.36     0.00      734     0.00     0.15  soilzone_
  0.00      0.36     0.00      734     0.00     0.04  srunoff_
  0.00      0.36     0.00      734     0.00     0.00  transp_tindex_
  0.00      0.36     0.00      733     0.00     0.49  call_modules
  0.00      0.36     0.00      733     0.00     0.03  routing_
  0.00      0.36     0.00      732     0.00     0.00  julday
  0.00      0.36     0.00      731     0.00     0.00  FILE_with_next_ts
  0.00      0.36     0.00      731     0.00     0.00  control_fvar
  0.00      0.36     0.00      731     0.00     0.00  deltim_
  0.00      0.36     0.00      731     0.00     0.00  init_basin_vars_
  0.00      0.36     0.00      731     0.00     0.00  leap_day_
  0.00      0.36     0.00      731     0.00     0.00  read_line
  0.00      0.36     0.00      730     0.00     0.00  EXTRACT_time
  0.00      0.36     0.00      730     0.00     0.00  dattim
  0.00      0.36     0.00      730     0.00     0.00  dattim_
  0.00      0.36     0.00      730     0.00     0.00  obsrun_
  0.00      0.36     0.00      730     0.00     0.00  plotRuntimeGraphValue
  0.00      0.36     0.00      730     0.00     0.00  single_run_post_run
  0.00      0.36     0.00      730     0.00     0.00  single_run_pre_run
  0.00      0.36     0.00      730     0.00     0.00  snorun_
  0.00      0.36     0.00      730     0.00     0.04  srunoffrun_
  0.00      0.36     0.00      730     0.00     0.00  sumbrun_
  0.00      0.36     0.00      730     0.00     0.00  write_vstats
  0.00      0.36     0.00      666     0.00     0.00  snowbal_
  0.00      0.36     0.00      569     0.00     0.00  dim_addr
  0.00      0.36     0.00      376     0.00     0.00  param_addr
  0.00      0.36     0.00      333     0.00     0.00  snalbedo_
  0.00      0.36     0.00      333     0.00     0.00  snowcov_
  0.00      0.36     0.00      297     0.00     0.03  declvar
  0.00      0.36     0.00      297     0.00     0.03  declvar_
  0.00      0.36     0.00      283     0.00     0.00  fgets_rc
  0.00      0.36     0.00      275     0.00     0.00  str_to_vals
  0.00      0.36     0.00      189     0.00     0.00  READ_param_head
  0.00      0.36     0.00      163     0.00     0.00  ADD_to_list
  0.00      0.36     0.00      145     0.00     0.00  ppt_to_pack_
  0.00      0.36     0.00      139     0.00     0.00  calin_
  0.00      0.36     0.00      131     0.00     0.00  decl_control
  0.00      0.36     0.00      120     0.00     0.00  getdim
  0.00      0.36     0.00      108     0.00     0.00  check_capacity_
  0.00      0.36     0.00      102     0.00     0.00  isDimensionIncompatable
  0.00      0.36     0.00       95     0.00     0.00  CHECK_param_in_db
  0.00      0.36     0.00       95     0.00     0.00  declparam
  0.00      0.36     0.00       95     0.00     0.00  declparam_
  0.00      0.36     0.00       95     0.00     0.00  load_param
  0.00      0.36     0.00       95     0.00     0.00  sort_params
  0.00      0.36     0.00       94     0.00     0.00  READ_param_values
  0.00      0.36     0.00       94     0.00     0.00  updateparam
  0.00      0.36     0.00       93     0.00     0.00  getparam
  0.00      0.36     0.00       93     0.00     0.00  getparam_
  0.00      0.36     0.00       93     0.00     0.00  paramcopy
  0.00      0.36     0.00       67     0.00     0.00  decl_control_int_array
  0.00      0.36     0.00       63     0.00     0.00  decl_control_string
  0.00      0.36     0.00       26     0.00     0.00  caloss_
  0.00      0.36     0.00       26     0.00     0.00  decldim
  0.00      0.36     0.00       26     0.00     0.00  snowevap_
  0.00      0.36     0.00       26     0.00     0.00  sort_dims
  0.00      0.36     0.00       25     0.00     0.00  decldim_
  0.00      0.36     0.00       23     0.00     0.00  getdim_
  0.00      0.36     0.00       20     0.00     0.00  print_module_
  0.00      0.36     0.00       15     0.00     0.00  control_integer_
  0.00      0.36     0.00       15     0.00     0.00  control_string_
  0.00      0.36     0.00       13     0.00     0.00  sca_deplcrv_
  0.00      0.36     0.00       12     0.00     0.00  control_integer_array_
  0.00      0.36     0.00        8     0.00     0.00  control_svar
  0.00      0.36     0.00        8     0.00     0.00  numchars_
  0.00      0.36     0.00        7     0.00     0.00  get_ftnunit_
  0.00      0.36     0.00        6     0.00     0.00  add_control
  0.00      0.36     0.00        5     0.00     0.00  find_current_time_
  0.00      0.36     0.00        5     0.00     0.00  find_header_end_
  0.00      0.36     0.00        5     0.00     0.00  prms_open_input_file_
  0.00      0.36     0.00        4     0.00     0.00  CheckIndices
  0.00      0.36     0.00        4     0.00     0.00  GetElemAddress
  0.00      0.36     0.00        4     0.00     0.06  basin_
  0.00      0.36     0.00        4     0.00     0.57  climateflow_
  0.00      0.36     0.00        4     0.00     0.00  close_parameter_file
  0.00      0.36     0.00        4     0.00    15.02  soltab_
  0.00      0.36     0.00        3     0.00     0.00  ALLOC_list
  0.00      0.36     0.00        3     0.00     0.00  open_parameter_file
  0.00      0.36     0.00        2     0.00     0.00  declfix_
  0.00      0.36     0.00        2     0.00     0.00  prms_open_output_file_
  0.00      0.36     0.00        2     0.00     0.00  read_params
  0.00      0.36     0.00        1     0.00   359.02  BATCH_run
  0.00      0.36     0.00        1     0.00     0.00  CHECK_stat_vars
  0.00      0.36     0.00        1     0.00     0.00  DATA_check_start
  0.00      0.36     0.00        1     0.00     0.00  DATA_close
  0.00      0.36     0.00        1     0.00     0.00  DATA_read_init
  0.00      0.36     0.00        1     0.00     0.00  READ_data_info
  0.00      0.36     0.00        1     0.00     0.00  RESIZE_list
  0.00      0.36     0.00        1     0.00     0.00  alloc_space
  0.00      0.36     0.00        1     0.00     0.24  basdecl_
  0.00      0.36     0.00        1     0.00     0.00  basinit_
  0.00      0.36     0.00        1     0.00     0.49  call_setdims
  0.00      0.36     0.00        1     0.00     0.00  check_dims_
  0.00      0.36     0.00        1     0.00     2.29  climateflow_decl_
  0.00      0.36     0.00        1     0.00     0.00  climateflow_init_
  0.00      0.36     0.00        1     0.00     0.00  closeRuntimeGraphs
  0.00      0.36     0.00        1     0.00     0.00  control_file_name_
  0.00      0.36     0.00        1     0.00     0.00  create_vstats
  0.00      0.36     0.00        1     0.00     0.00  decl_control_float_array
  0.00      0.36     0.00        1     0.00     0.00  dprst_init_
  0.00      0.36     0.00        1     0.00     0.00  free_vstats
  0.00      0.36     0.00        1     0.00     0.00  get_times
  0.00      0.36     0.00        1     0.00     0.47  gwflowdecl_
  0.00      0.36     0.00        1     0.00     0.00  gwflowinit_
  0.00      0.36     0.00        1     0.00     0.00  header_print_
  0.00      0.36     0.00        1     0.00     0.00  initializeRuntimeGraphs
  0.00      0.36     0.00        1     0.00     0.51  intdecl_
  0.00      0.36     0.00        1     0.00     0.00  intinit_
  0.00      0.36     0.00        1     0.00     0.07  muskingum_decl_
  0.00      0.36     0.00        1     0.00     0.00  muskingum_init_
  0.00      0.36     0.00        1     0.00     0.20  obsdecl_
  0.00      0.36     0.00        1     0.00     0.00  obsinit_
  0.00      0.36     0.00        1     0.00     0.00  obssetdims_
  0.00      0.36     0.00        1     0.00     0.00  parse_args
  0.00      0.36     0.00        1     0.00     0.00  rc
  0.00      0.36     0.00        1     0.00     0.00  read_control
  0.00      0.36     0.00        1     0.00     0.00  read_datainfo
  0.00      0.36     0.00        1     0.00     0.00  read_dims
  0.00      0.36     0.00        1     0.00     0.30  routingdecl_
  0.00      0.36     0.00        1     0.00     0.00  routinginit_
  0.00      0.36     0.00        1     0.00     0.49  setdims_
  0.00      0.36     0.00        1     0.00     0.00  setup_cont
  0.00      0.36     0.00        1     0.00     0.00  single_run_post_cleanup
  0.00      0.36     0.00        1     0.00     0.00  single_run_post_init
  0.00      0.36     0.00        1     0.00     0.00  single_run_pre_init
  0.00      0.36     0.00        1     0.00     1.25  snodecl_
  0.00      0.36     0.00        1     0.00     0.00  snoinit_
  0.00      0.36     0.00        1     0.00     1.01  srunoffdecl_
  0.00      0.36     0.00        1     0.00     0.00  srunoffinit_
  0.00      0.36     0.00        1     0.00     0.07  sthdecl_
  0.00      0.36     0.00        1     0.00    60.00  sthinit_
  0.00      0.36     0.00        1     0.00     0.00  subbasin_
  0.00      0.36     0.00        1     0.00     1.78  sumbdecl_
  0.00      0.36     0.00        1     0.00     0.00  sumbinit_
  0.00      0.36     0.00        1     0.00     1.75  szdecl_
  0.00      0.36     0.00        1     0.00     0.00  szinit_

 %         the percentage of the total running time of the
time       program used by this function.

cumulative a running sum of the number of seconds accounted
 seconds   for by this function and those listed above it.

 self      the number of seconds accounted for by this
seconds    function alone.  This is the major sort for this
           listing.

calls      the number of times this function was invoked, if
           this function is profiled, else blank.

 self      the average number of milliseconds spent in this
ms/call    function per call, if this function is profiled,
	   else blank.

 total     the average number of milliseconds spent in this
ms/call    function and its descendents per call, if this
	   function is profiled, else blank.

name       the name of the function.  This is the minor sort
           for this listing. The index shows the location of
	   the function in the gprof listing. If the index is
	   in parenthesis it shows where it would appear in
	   the gprof listing if it were to be printed.

Copyright (C) 2012-2015 Free Software Foundation, Inc.

Copying and distribution of this file, with or without modification,
are permitted in any medium without royalty provided the copyright
notice and this notice are preserved.

		     Call graph (explanation follows)


granularity: each sample hit covers 2 byte(s) for 2.78% of 0.36 seconds

index % time    self  children    called     name
                0.00    0.00       1/734         setdims_ [41]
                0.00    0.36     733/734         call_modules [3]
[1]    100.0    0.00    0.36     734         call_modules_ [1]
                0.00    0.11     734/734         soilzone_ [5]
                0.00    0.06       4/4           soltab_ [7]
                0.00    0.06     734/734         muskingum_ [8]
                0.03    0.01     734/734         climate_hru_ [13]
                0.00    0.03     734/734         srunoff_ [14]
                0.00    0.02     734/734         intcp_ [16]
                0.00    0.02     733/733         routing_ [17]
                0.00    0.01     734/734         gwflow_ [23]
                0.00    0.00       4/4           climateflow_ [31]
                0.00    0.00     734/734         basin_sum_ [33]
                0.00    0.00     734/734         snowcomp_ [36]
                0.00    0.00       4/4           basin_ [44]
                0.00    0.00     734/734         obs_ [46]
                0.00    0.00     734/734         prms_summary_ [48]
                0.00    0.00     734/734         prms_time_ [70]
                0.00    0.00     734/734         transp_tindex_ [71]
                0.00    0.00       1/1           check_dims_ [150]
                0.00    0.00       1/20          print_module_ [122]
                0.00    0.00       1/8           numchars_ [128]
                0.00    0.00       1/1           subbasin_ [178]
-----------------------------------------------
                                                 <spontaneous>
[2]    100.0    0.00    0.36                 main [2]
                0.00    0.36       1/1           BATCH_run [4]
                0.00    0.00       1/1           call_setdims [40]
                0.00    0.00       1/733         call_modules [3]
                0.00    0.00       6/8           control_svar [127]
                0.00    0.00       4/739         control_var_size [68]
                0.00    0.00       2/2           read_params [141]
                0.00    0.00       1/3           ALLOC_list [137]
                0.00    0.00       1/1           parse_args [166]
                0.00    0.00       1/1           setup_cont [172]
                0.00    0.00       1/1           alloc_space [148]
                0.00    0.00       1/1           read_control [168]
                0.00    0.00       1/1           read_dims [170]
                0.00    0.00       1/1           READ_data_info [146]
                0.00    0.00       1/1           get_times [158]
-----------------------------------------------
                0.00    0.00       1/733         main [2]
                0.00    0.36     732/733         BATCH_run [4]
[3]     99.9    0.00    0.36     733         call_modules [3]
                0.00    0.36     733/734         call_modules_ [1]
-----------------------------------------------
                0.00    0.36       1/1           main [2]
[4]     99.7    0.00    0.36       1         BATCH_run [4]
                0.00    0.36     732/733         call_modules [3]
                0.00    0.00     731/731         read_line [78]
                0.00    0.00     730/730         single_run_pre_run [85]
                0.00    0.00     730/730         single_run_post_run [84]
                0.00    0.00       1/1           single_run_pre_init [175]
                0.00    0.00       1/1           single_run_post_init [174]
                0.00    0.00       1/1           single_run_post_cleanup [173]
-----------------------------------------------
                0.00    0.11     734/734         call_modules_ [1]
[5]     31.0    0.00    0.11     734         soilzone_ [5]
                0.07    0.04     730/730         szrun_ [6]
                0.00    0.00       1/1           szdecl_ [35]
                0.00    0.00       1/1           szinit_ [180]
-----------------------------------------------
                0.07    0.04     730/730         soilzone_ [5]
[6]     30.6    0.07    0.04     730         szrun_ [6]
                0.02    0.00  215650/215650      compute_interflow_ [18]
                0.02    0.00  188273/188273      compute_szactet_ [19]
                0.00    0.00  188273/188273      compute_soilmoist_ [54]
                0.00    0.00   29534/29534       compute_gwflow_ [58]
                0.00    0.00     730/731         init_basin_vars_ [76]
-----------------------------------------------
                0.00    0.06       4/4           call_modules_ [1]
[7]     16.7    0.00    0.06       4         soltab_ [7]
                0.00    0.06       1/1           sthinit_ [10]
                0.00    0.00       1/1           sthdecl_ [50]
-----------------------------------------------
                0.00    0.06     734/734         call_modules_ [1]
[8]     16.7    0.00    0.06     734         muskingum_ [8]
                0.06    0.00     730/730         muskingum_run_ [11]
                0.00    0.00       1/1           muskingum_decl_ [49]
                0.00    0.00       1/1           muskingum_init_ [163]
-----------------------------------------------
                0.02    0.04     517/517         sthinit_ [10]
[9]     16.7    0.02    0.04     517         compute_soltab_ [9]
                0.04    0.00  378444/378444      compute_t_ [12]
                0.00    0.00  189222/189222      func3_ [53]
-----------------------------------------------
                0.00    0.06       1/1           soltab_ [7]
[10]    16.7    0.00    0.06       1         sthinit_ [10]
                0.02    0.04     517/517         compute_soltab_ [9]
                0.00    0.00       2/93          getparam_ [112]
-----------------------------------------------
                0.06    0.00     730/730         muskingum_ [8]
[11]    16.7    0.06    0.00     730         muskingum_run_ [11]
-----------------------------------------------
                0.04    0.00  378444/378444      compute_soltab_ [9]
[12]    11.1    0.04    0.00  378444         compute_t_ [12]
-----------------------------------------------
                0.03    0.01     734/734         call_modules_ [1]
[13]    11.1    0.03    0.01     734         climate_hru_ [13]
                0.01    0.00  188340/188340      temp_set_ [25]
                0.00    0.00  103778/103778      precip_form_ [55]
                0.00    0.00       5/95          declparam_ [106]
                0.00    0.00       5/93          getparam_ [112]
                0.00    0.00       5/15          control_string_ [124]
                0.00    0.00       5/5           find_header_end_ [132]
                0.00    0.00       5/5           find_current_time_ [131]
                0.00    0.00       4/20          print_module_ [122]
                0.00    0.00       2/15          control_integer_ [123]
-----------------------------------------------
                0.00    0.03     734/734         call_modules_ [1]
[14]     8.6    0.00    0.03     734         srunoff_ [14]
                0.00    0.03     730/730         srunoffrun_ [15]
                0.00    0.00       1/1           srunoffdecl_ [38]
                0.00    0.00       1/1           srunoffinit_ [177]
-----------------------------------------------
                0.00    0.03     730/730         srunoff_ [14]
[15]     8.3    0.00    0.03     730         srunoffrun_ [15]
                0.02    0.00  179580/179580      dprst_comp_ [20]
                0.00    0.01  188340/188340      compute_infil_ [24]
-----------------------------------------------
                0.00    0.02     734/734         call_modules_ [1]
[16]     5.7    0.00    0.02     734         intcp_ [16]
                0.02    0.00     730/730         intrun_ [21]
                0.00    0.00       1/1           intdecl_ [39]
                0.00    0.00       1/1           intinit_ [162]
-----------------------------------------------
                0.00    0.02     733/733         call_modules_ [1]
[17]     5.6    0.00    0.02     733         routing_ [17]
                0.02    0.00     730/730         route_run_ [22]
                0.00    0.00       1/1           routingdecl_ [43]
                0.00    0.00       1/1           routinginit_ [171]
-----------------------------------------------
                0.02    0.00  215650/215650      szrun_ [6]
[18]     5.6    0.02    0.00  215650         compute_interflow_ [18]
-----------------------------------------------
                0.02    0.00  188273/188273      szrun_ [6]
[19]     5.6    0.02    0.00  188273         compute_szactet_ [19]
-----------------------------------------------
                0.02    0.00  179580/179580      srunoffrun_ [15]
[20]     5.6    0.02    0.00  179580         dprst_comp_ [20]
-----------------------------------------------
                0.02    0.00     730/730         intcp_ [16]
[21]     5.6    0.02    0.00     730         intrun_ [21]
                0.00    0.00  103387/103387      intercept_ [56]
-----------------------------------------------
                0.02    0.00     730/730         routing_ [17]
[22]     5.6    0.02    0.00     730         route_run_ [22]
-----------------------------------------------
                0.00    0.01     734/734         call_modules_ [1]
[23]     2.9    0.00    0.01     734         gwflow_ [23]
                0.01    0.00     730/730         gwflowrun_ [27]
                0.00    0.00       1/1           gwflowdecl_ [42]
                0.00    0.00       1/1           gwflowinit_ [159]
-----------------------------------------------
                0.00    0.01  188340/188340      srunoffrun_ [15]
[24]     2.8    0.00    0.01  188340         compute_infil_ [24]
                0.01    0.00  103641/103641      perv_comp_ [26]
                0.00    0.00     108/108         check_capacity_ [102]
-----------------------------------------------
                0.01    0.00  188340/188340      climate_hru_ [13]
[25]     2.8    0.01    0.00  188340         temp_set_ [25]
                0.00    0.00  565020/568116      f_to_c_ [51]
-----------------------------------------------
                0.01    0.00  103641/103641      compute_infil_ [24]
[26]     2.8    0.01    0.00  103641         perv_comp_ [26]
-----------------------------------------------
                0.01    0.00     730/730         gwflow_ [23]
[27]     2.8    0.01    0.00     730         gwflowrun_ [27]
-----------------------------------------------
                0.00    0.01     297/297         declvar_ [29]
[28]     2.8    0.00    0.01     297         declvar [28]
                0.01    0.00     297/297         sort_vars [30]
                0.00    0.00     594/4747        umalloc [59]
                0.00    0.00     299/569         dim_addr [90]
                0.00    0.00     297/3233        var_addr [61]
-----------------------------------------------
                0.00    0.00       2/297         sthdecl_ [50]
                0.00    0.00       2/297         muskingum_decl_ [49]
                0.00    0.00       2/297         prms_summary_ [48]
                0.00    0.00       6/297         obsdecl_ [47]
                0.00    0.00       7/297         basdecl_ [45]
                0.00    0.00       9/297         routingdecl_ [43]
                0.00    0.00      14/297         gwflowdecl_ [42]
                0.00    0.00      15/297         intdecl_ [39]
                0.00    0.00      30/297         srunoffdecl_ [38]
                0.00    0.00      37/297         snodecl_ [37]
                0.00    0.00      52/297         szdecl_ [35]
                0.00    0.00      53/297         sumbdecl_ [34]
                0.00    0.00      68/297         climateflow_decl_ [32]
[29]     2.8    0.00    0.01     297         declvar_ [29]
                0.00    0.01     297/297         declvar [28]
                0.00    0.00    1782/4747        umalloc [59]
-----------------------------------------------
                0.01    0.00     297/297         declvar [28]
[30]     2.8    0.01    0.00     297         sort_vars [30]
-----------------------------------------------
                0.00    0.00       4/4           call_modules_ [1]
[31]     0.6    0.00    0.00       4         climateflow_ [31]
                0.00    0.00       1/1           climateflow_decl_ [32]
                0.00    0.00       1/1           climateflow_init_ [151]
-----------------------------------------------
                0.00    0.00       1/1           climateflow_ [31]
[32]     0.6    0.00    0.00       1         climateflow_decl_ [32]
                0.00    0.00      68/297         declvar_ [29]
                0.00    0.00      12/95          declparam_ [106]
                0.00    0.00       1/20          print_module_ [122]
-----------------------------------------------
                0.00    0.00     734/734         call_modules_ [1]
[33]     0.5    0.00    0.00     734         basin_sum_ [33]
                0.00    0.00       1/1           sumbdecl_ [34]
                0.00    0.00     730/730         sumbrun_ [87]
                0.00    0.00       1/1           sumbinit_ [179]
-----------------------------------------------
                0.00    0.00       1/1           basin_sum_ [33]
[34]     0.5    0.00    0.00       1         sumbdecl_ [34]
                0.00    0.00      53/297         declvar_ [29]
                0.00    0.00       3/95          declparam_ [106]
                0.00    0.00       1/20          print_module_ [122]
-----------------------------------------------
                0.00    0.00       1/1           soilzone_ [5]
[35]     0.5    0.00    0.00       1         szdecl_ [35]
                0.00    0.00      52/297         declvar_ [29]
                0.00    0.00      12/95          declparam_ [106]
                0.00    0.00       1/20          print_module_ [122]
-----------------------------------------------
                0.00    0.00     734/734         call_modules_ [1]
[36]     0.3    0.00    0.00     734         snowcomp_ [36]
                0.00    0.00       1/1           snodecl_ [37]
                0.00    0.00     730/730         snorun_ [86]
                0.00    0.00       1/1           snoinit_ [176]
-----------------------------------------------
                0.00    0.00       1/1           snowcomp_ [36]
[37]     0.3    0.00    0.00       1         snodecl_ [37]
                0.00    0.00      37/297         declvar_ [29]
                0.00    0.00      18/95          declparam_ [106]
                0.00    0.00       1/20          print_module_ [122]
-----------------------------------------------
                0.00    0.00       1/1           srunoff_ [14]
[38]     0.3    0.00    0.00       1         srunoffdecl_ [38]
                0.00    0.00      30/297         declvar_ [29]
                0.00    0.00      14/95          declparam_ [106]
                0.00    0.00       1/20          print_module_ [122]
-----------------------------------------------
                0.00    0.00       1/1           intcp_ [16]
[39]     0.1    0.00    0.00       1         intdecl_ [39]
                0.00    0.00      15/297         declvar_ [29]
                0.00    0.00       3/95          declparam_ [106]
                0.00    0.00       1/20          print_module_ [122]
-----------------------------------------------
                0.00    0.00       1/1           main [2]
[40]     0.1    0.00    0.00       1         call_setdims [40]
                0.00    0.00       1/1           setdims_ [41]
-----------------------------------------------
                0.00    0.00       1/1           call_setdims [40]
[41]     0.1    0.00    0.00       1         setdims_ [41]
                0.00    0.00       1/734         call_modules_ [1]
                0.00    0.00      18/25          decldim_ [120]
                0.00    0.00      13/15          control_integer_ [123]
                0.00    0.00      12/12          control_integer_array_ [126]
                0.00    0.00       9/15          control_string_ [124]
                0.00    0.00       2/2           declfix_ [139]
                0.00    0.00       1/2           prms_open_output_file_ [140]
                0.00    0.00       1/1           control_file_name_ [153]
-----------------------------------------------
                0.00    0.00       1/1           gwflow_ [23]
[42]     0.1    0.00    0.00       1         gwflowdecl_ [42]
                0.00    0.00      14/297         declvar_ [29]
                0.00    0.00       4/95          declparam_ [106]
                0.00    0.00       1/20          print_module_ [122]
-----------------------------------------------
                0.00    0.00       1/1           routing_ [17]
[43]     0.1    0.00    0.00       1         routingdecl_ [43]
                0.00    0.00       9/297         declvar_ [29]
                0.00    0.00       1/20          print_module_ [122]
-----------------------------------------------
                0.00    0.00       4/4           call_modules_ [1]
[44]     0.1    0.00    0.00       4         basin_ [44]
                0.00    0.00       1/1           basdecl_ [45]
                0.00    0.00       1/1           basinit_ [149]
-----------------------------------------------
                0.00    0.00       1/1           basin_ [44]
[45]     0.1    0.00    0.00       1         basdecl_ [45]
                0.00    0.00       7/297         declvar_ [29]
                0.00    0.00      15/95          declparam_ [106]
                0.00    0.00       1/20          print_module_ [122]
-----------------------------------------------
                0.00    0.00     734/734         call_modules_ [1]
[46]     0.1    0.00    0.00     734         obs_ [46]
                0.00    0.00       1/1           obsdecl_ [47]
                0.00    0.00     730/730         obsrun_ [82]
                0.00    0.00       1/1           obssetdims_ [165]
                0.00    0.00       1/1           obsinit_ [164]
-----------------------------------------------
                0.00    0.00       1/1           obs_ [46]
[47]     0.1    0.00    0.00       1         obsdecl_ [47]
                0.00    0.00       6/297         declvar_ [29]
                0.00    0.00       4/23          getdim_ [121]
                0.00    0.00       1/20          print_module_ [122]
                0.00    0.00       1/95          declparam_ [106]
-----------------------------------------------
                0.00    0.00     734/734         call_modules_ [1]
[48]     0.0    0.00    0.00     734         prms_summary_ [48]
                0.00    0.00       2/297         declvar_ [29]
                0.00    0.00       1/25          decldim_ [120]
                0.00    0.00       1/20          print_module_ [122]
                0.00    0.00       1/15          control_string_ [124]
                0.00    0.00       1/2           prms_open_output_file_ [140]
                0.00    0.00       1/23          getdim_ [121]
-----------------------------------------------
                0.00    0.00       1/1           muskingum_ [8]
[49]     0.0    0.00    0.00       1         muskingum_decl_ [49]
                0.00    0.00       2/297         declvar_ [29]
                0.00    0.00       3/95          declparam_ [106]
                0.00    0.00       1/20          print_module_ [122]
-----------------------------------------------
                0.00    0.00       1/1           soltab_ [7]
[50]     0.0    0.00    0.00       1         sthdecl_ [50]
                0.00    0.00       2/297         declvar_ [29]
                0.00    0.00       2/95          declparam_ [106]
                0.00    0.00       1/20          print_module_ [122]
-----------------------------------------------
                0.00    0.00    3096/568116      climateflow_init_ [151]
                0.00    0.00  565020/568116      temp_set_ [25]
[51]     0.0    0.00    0.00  568116         f_to_c_ [51]
-----------------------------------------------
                0.00    0.00  430700/430700      read_line [78]
[52]     0.0    0.00    0.00  430700         CHECK_data [52]
-----------------------------------------------
                0.00    0.00  189222/189222      compute_soltab_ [9]
[53]     0.0    0.00    0.00  189222         func3_ [53]
-----------------------------------------------
                0.00    0.00  188273/188273      szrun_ [6]
[54]     0.0    0.00    0.00  188273         compute_soilmoist_ [54]
-----------------------------------------------
                0.00    0.00  103778/103778      climate_hru_ [13]
[55]     0.0    0.00    0.00  103778         precip_form_ [55]
-----------------------------------------------
                0.00    0.00  103387/103387      intrun_ [21]
[56]     0.0    0.00    0.00  103387         intercept_ [56]
-----------------------------------------------
                0.00    0.00      43/52305       read_dims [170]
                0.00    0.00      88/52305       read_params [141]
                0.00    0.00   25614/52305       READ_param_values [109]
                0.00    0.00   26560/52305       READ_param_head [96]
[57]     0.0    0.00    0.00   52305         get_next_line [57]
                0.00    0.00       1/4747        umalloc [59]
-----------------------------------------------
                0.00    0.00   29534/29534       szrun_ [6]
[58]     0.0    0.00    0.00   29534         compute_gwflow_ [58]
-----------------------------------------------
                0.00    0.00       1/4747        decl_control_float_array [155]
                0.00    0.00       1/4747        control_file_name_ [153]
                0.00    0.00       1/4747        get_next_line [57]
                0.00    0.00       1/4747        read_line [78]
                0.00    0.00       1/4747        str_to_vals [95]
                0.00    0.00       2/4747        READ_param_values [109]
                0.00    0.00       2/4747        READ_data_info [146]
                0.00    0.00       2/4747        EXTRACT_time [79]
                0.00    0.00       3/4747        alloc_space [148]
                0.00    0.00       3/4747        DATA_read_init [145]
                0.00    0.00       8/4747        create_vstats [154]
                0.00    0.00      10/4747        read_datainfo [169]
                0.00    0.00      12/4747        add_control [130]
                0.00    0.00      12/4747        control_integer_array_ [126]
                0.00    0.00      14/4747        read_params [141]
                0.00    0.00      15/4747        control_string_ [124]
                0.00    0.00      15/4747        control_integer_ [123]
                0.00    0.00      23/4747        getdim_ [121]
                0.00    0.00      26/4747        decldim [117]
                0.00    0.00      45/4747        rc [167]
                0.00    0.00      50/4747        decldim_ [120]
                0.00    0.00      63/4747        decl_control_string [115]
                0.00    0.00      64/4747        setup_cont [172]
                0.00    0.00      67/4747        decl_control_int_array [114]
                0.00    0.00     131/4747        decl_control [100]
                0.00    0.00     190/4747        declparam [105]
                0.00    0.00     279/4747        getparam_ [112]
                0.00    0.00     380/4747        load_param [107]
                0.00    0.00     594/4747        declvar [28]
                0.00    0.00     950/4747        declparam_ [106]
                0.00    0.00    1782/4747        declvar_ [29]
[59]     0.0    0.00    0.00    4747         umalloc [59]
-----------------------------------------------
                0.00    0.00    4388/4388        julian_day_ [65]
[60]     0.0    0.00    0.00    4388         compute_julday_ [60]
-----------------------------------------------
                0.00    0.00       4/3233        read_datainfo [169]
                0.00    0.00       4/3233        create_vstats [154]
                0.00    0.00       4/3233        CheckIndices [134]
                0.00    0.00       4/3233        GetElemAddress [135]
                0.00    0.00     297/3233        declvar [28]
                0.00    0.00    2920/3233        readvar [62]
[61]     0.0    0.00    0.00    3233         var_addr [61]
-----------------------------------------------
                0.00    0.00    2920/2920        readvar_ [63]
[62]     0.0    0.00    0.00    2920         readvar [62]
                0.00    0.00    2920/3233        var_addr [61]
-----------------------------------------------
                0.00    0.00    2920/2920        obsrun_ [82]
[63]     0.0    0.00    0.00    2920         readvar_ [63]
                0.00    0.00    2920/2920        readvar [62]
-----------------------------------------------
                0.00    0.00       6/2453        add_control [130]
                0.00    0.00      45/2453        rc [167]
                0.00    0.00     131/2453        decl_control [100]
                0.00    0.00     739/2453        control_var_size [68]
                0.00    0.00    1532/2453        control_var [66]
[64]     0.0    0.00    0.00    2453         control_addr [64]
-----------------------------------------------
                0.00    0.00       1/2194        sumbinit_ [179]
                0.00    0.00    2193/2194        prms_time_ [70]
[65]     0.0    0.00    0.00    2194         julian_day_ [65]
                0.00    0.00    4388/4388        compute_julday_ [60]
-----------------------------------------------
                0.00    0.00       1/1532        READ_data_info [146]
                0.00    0.00       2/1532        create_vstats [154]
                0.00    0.00       3/1532        get_times [158]
                0.00    0.00       3/1532        single_run_pre_init [175]
                0.00    0.00       7/1532        CHECK_stat_vars [142]
                0.00    0.00       8/1532        control_svar [127]
                0.00    0.00      12/1532        control_integer_array_ [126]
                0.00    0.00      15/1532        control_string_ [124]
                0.00    0.00      15/1532        control_integer_ [123]
                0.00    0.00     731/1532        control_fvar [74]
                0.00    0.00     735/1532        control_lvar [69]
[66]     0.0    0.00    0.00    1532         control_var [66]
                0.00    0.00    1532/2453        control_addr [64]
-----------------------------------------------
                0.00    0.00       4/822         header_print_ [160]
                0.00    0.00       7/822         basinit_ [149]
                0.00    0.00     811/822         sumbrun_ [87]
[67]     0.0    0.00    0.00     822         write_outfile_ [67]
-----------------------------------------------
                0.00    0.00       1/739         READ_data_info [146]
                0.00    0.00       1/739         DATA_check_start [143]
                0.00    0.00       1/739         DATA_close [144]
                0.00    0.00       1/739         DATA_read_init [145]
                0.00    0.00       4/739         main [2]
                0.00    0.00     731/739         FILE_with_next_ts [73]
[68]     0.0    0.00    0.00     739         control_var_size [68]
                0.00    0.00     739/2453        control_addr [64]
-----------------------------------------------
                0.00    0.00       1/735         free_vstats [157]
                0.00    0.00       3/735         single_run_pre_init [175]
                0.00    0.00     731/735         read_line [78]
[69]     0.0    0.00    0.00     735         control_lvar [69]
                0.00    0.00     735/1532        control_var [66]
-----------------------------------------------
                0.00    0.00     734/734         call_modules_ [1]
[70]     0.0    0.00    0.00     734         prms_time_ [70]
                0.00    0.00    2193/2194        julian_day_ [65]
                0.00    0.00     731/731         leap_day_ [77]
                0.00    0.00     731/731         deltim_ [75]
                0.00    0.00     730/730         dattim_ [81]
                0.00    0.00       1/20          print_module_ [122]
-----------------------------------------------
                0.00    0.00     734/734         call_modules_ [1]
[71]     0.0    0.00    0.00     734         transp_tindex_ [71]
                0.00    0.00       3/95          declparam_ [106]
                0.00    0.00       3/93          getparam_ [112]
                0.00    0.00       1/20          print_module_ [122]
-----------------------------------------------
                0.00    0.00       2/732         get_times [158]
                0.00    0.00     730/732         EXTRACT_time [79]
[72]     0.0    0.00    0.00     732         julday [72]
-----------------------------------------------
                0.00    0.00     731/731         read_line [78]
[73]     0.0    0.00    0.00     731         FILE_with_next_ts [73]
                0.00    0.00     731/739         control_var_size [68]
-----------------------------------------------
                0.00    0.00     731/731         read_line [78]
[74]     0.0    0.00    0.00     731         control_fvar [74]
                0.00    0.00     731/1532        control_var [66]
-----------------------------------------------
                0.00    0.00     731/731         prms_time_ [70]
[75]     0.0    0.00    0.00     731         deltim_ [75]
-----------------------------------------------
                0.00    0.00       1/731         szinit_ [180]
                0.00    0.00     730/731         szrun_ [6]
[76]     0.0    0.00    0.00     731         init_basin_vars_ [76]
-----------------------------------------------
                0.00    0.00     731/731         prms_time_ [70]
[77]     0.0    0.00    0.00     731         leap_day_ [77]
-----------------------------------------------
                0.00    0.00     731/731         BATCH_run [4]
[78]     0.0    0.00    0.00     731         read_line [78]
                0.00    0.00  430700/430700      CHECK_data [52]
                0.00    0.00     731/731         control_fvar [74]
                0.00    0.00     731/735         control_lvar [69]
                0.00    0.00     731/731         FILE_with_next_ts [73]
                0.00    0.00     729/730         EXTRACT_time [79]
                0.00    0.00       1/4747        umalloc [59]
-----------------------------------------------
                0.00    0.00       1/730         DATA_read_init [145]
                0.00    0.00     729/730         read_line [78]
[79]     0.0    0.00    0.00     730         EXTRACT_time [79]
                0.00    0.00     730/732         julday [72]
                0.00    0.00       2/4747        umalloc [59]
-----------------------------------------------
                0.00    0.00     730/730         dattim_ [81]
[80]     0.0    0.00    0.00     730         dattim [80]
-----------------------------------------------
                0.00    0.00     730/730         prms_time_ [70]
[81]     0.0    0.00    0.00     730         dattim_ [81]
                0.00    0.00     730/730         dattim [80]
-----------------------------------------------
                0.00    0.00     730/730         obs_ [46]
[82]     0.0    0.00    0.00     730         obsrun_ [82]
                0.00    0.00    2920/2920        readvar_ [63]
-----------------------------------------------
                0.00    0.00     730/730         single_run_post_run [84]
[83]     0.0    0.00    0.00     730         plotRuntimeGraphValue [83]
-----------------------------------------------
                0.00    0.00     730/730         BATCH_run [4]
[84]     0.0    0.00    0.00     730         single_run_post_run [84]
                0.00    0.00     730/730         write_vstats [88]
                0.00    0.00     730/730         plotRuntimeGraphValue [83]
-----------------------------------------------
                0.00    0.00     730/730         BATCH_run [4]
[85]     0.0    0.00    0.00     730         single_run_pre_run [85]
-----------------------------------------------
                0.00    0.00     730/730         snowcomp_ [36]
[86]     0.0    0.00    0.00     730         snorun_ [86]
                0.00    0.00     666/666         snowbal_ [89]
                0.00    0.00     333/333         snowcov_ [93]
                0.00    0.00     333/333         snalbedo_ [92]
                0.00    0.00     145/145         ppt_to_pack_ [98]
                0.00    0.00      26/26          snowevap_ [118]
-----------------------------------------------
                0.00    0.00     730/730         basin_sum_ [33]
[87]     0.0    0.00    0.00     730         sumbrun_ [87]
                0.00    0.00     811/822         write_outfile_ [67]
-----------------------------------------------
                0.00    0.00     730/730         single_run_post_run [84]
[88]     0.0    0.00    0.00     730         write_vstats [88]
-----------------------------------------------
                0.00    0.00     666/666         snorun_ [86]
[89]     0.0    0.00    0.00     666         snowbal_ [89]
                0.00    0.00     112/139         calin_ [99]
                0.00    0.00      26/26          caloss_ [116]
-----------------------------------------------
                0.00    0.00      13/569         read_dims [170]
                0.00    0.00      26/569         decldim [117]
                0.00    0.00     111/569         declparam [105]
                0.00    0.00     120/569         getdim [101]
                0.00    0.00     299/569         declvar [28]
[90]     0.0    0.00    0.00     569         dim_addr [90]
-----------------------------------------------
                0.00    0.00      93/376         getparam [111]
                0.00    0.00      94/376         READ_param_head [96]
                0.00    0.00      94/376         updateparam [110]
                0.00    0.00      95/376         CHECK_param_in_db [104]
[91]     0.0    0.00    0.00     376         param_addr [91]
-----------------------------------------------
                0.00    0.00     333/333         snorun_ [86]
[92]     0.0    0.00    0.00     333         snalbedo_ [92]
-----------------------------------------------
                0.00    0.00     333/333         snorun_ [86]
[93]     0.0    0.00    0.00     333         snowcov_ [93]
                0.00    0.00      13/13          sca_deplcrv_ [125]
-----------------------------------------------
                0.00    0.00     283/283         rc [167]
[94]     0.0    0.00    0.00     283         fgets_rc [94]
-----------------------------------------------
                0.00    0.00     275/275         load_param [107]
[95]     0.0    0.00    0.00     275         str_to_vals [95]
                0.00    0.00       1/4747        umalloc [59]
-----------------------------------------------
                0.00    0.00     189/189         read_params [141]
[96]     0.0    0.00    0.00     189         READ_param_head [96]
                0.00    0.00   26560/52305       get_next_line [57]
                0.00    0.00     102/102         isDimensionIncompatable [103]
                0.00    0.00      97/120         getdim [101]
                0.00    0.00      94/376         param_addr [91]
                0.00    0.00       1/4           close_parameter_file [136]
-----------------------------------------------
                0.00    0.00       6/163         add_control [130]
                0.00    0.00      26/163         decldim [117]
                0.00    0.00     131/163         decl_control [100]
[97]     0.0    0.00    0.00     163         ADD_to_list [97]
                0.00    0.00       1/1           RESIZE_list [147]
-----------------------------------------------
                0.00    0.00     145/145         snorun_ [86]
[98]     0.0    0.00    0.00     145         ppt_to_pack_ [98]
                0.00    0.00      27/139         calin_ [99]
-----------------------------------------------
                0.00    0.00      27/139         ppt_to_pack_ [98]
                0.00    0.00     112/139         snowbal_ [89]
[99]     0.0    0.00    0.00     139         calin_ [99]
-----------------------------------------------
                0.00    0.00       1/131         decl_control_float_array [155]
                0.00    0.00      63/131         decl_control_string [115]
                0.00    0.00      67/131         decl_control_int_array [114]
[100]    0.0    0.00    0.00     131         decl_control [100]
                0.00    0.00     131/2453        control_addr [64]
                0.00    0.00     131/4747        umalloc [59]
                0.00    0.00     131/163         ADD_to_list [97]
-----------------------------------------------
                0.00    0.00      23/120         getdim_ [121]
                0.00    0.00      97/120         READ_param_head [96]
[101]    0.0    0.00    0.00     120         getdim [101]
                0.00    0.00     120/569         dim_addr [90]
-----------------------------------------------
                0.00    0.00     108/108         compute_infil_ [24]
[102]    0.0    0.00    0.00     108         check_capacity_ [102]
-----------------------------------------------
                0.00    0.00     102/102         READ_param_head [96]
[103]    0.0    0.00    0.00     102         isDimensionIncompatable [103]
-----------------------------------------------
                0.00    0.00      95/95          declparam [105]
[104]    0.0    0.00    0.00      95         CHECK_param_in_db [104]
                0.00    0.00      95/376         param_addr [91]
-----------------------------------------------
                0.00    0.00      95/95          declparam_ [106]
[105]    0.0    0.00    0.00      95         declparam [105]
                0.00    0.00     190/4747        umalloc [59]
                0.00    0.00     111/569         dim_addr [90]
                0.00    0.00      95/95          load_param [107]
                0.00    0.00      95/95          sort_params [108]
                0.00    0.00      95/95          CHECK_param_in_db [104]
-----------------------------------------------
                0.00    0.00       1/95          obsdecl_ [47]
                0.00    0.00       2/95          sthdecl_ [50]
                0.00    0.00       3/95          transp_tindex_ [71]
                0.00    0.00       3/95          intdecl_ [39]
                0.00    0.00       3/95          muskingum_decl_ [49]
                0.00    0.00       3/95          sumbdecl_ [34]
                0.00    0.00       4/95          gwflowdecl_ [42]
                0.00    0.00       5/95          climate_hru_ [13]
                0.00    0.00      12/95          climateflow_decl_ [32]
                0.00    0.00      12/95          szdecl_ [35]
                0.00    0.00      14/95          srunoffdecl_ [38]
                0.00    0.00      15/95          basdecl_ [45]
                0.00    0.00      18/95          snodecl_ [37]
[106]    0.0    0.00    0.00      95         declparam_ [106]
                0.00    0.00     950/4747        umalloc [59]
                0.00    0.00      95/95          declparam [105]
-----------------------------------------------
                0.00    0.00      95/95          declparam [105]
[107]    0.0    0.00    0.00      95         load_param [107]
                0.00    0.00     380/4747        umalloc [59]
                0.00    0.00     275/275         str_to_vals [95]
-----------------------------------------------
                0.00    0.00      95/95          declparam [105]
[108]    0.0    0.00    0.00      95         sort_params [108]
-----------------------------------------------
                0.00    0.00      94/94          read_params [141]
[109]    0.0    0.00    0.00      94         READ_param_values [109]
                0.00    0.00   25614/52305       get_next_line [57]
                0.00    0.00       2/4747        umalloc [59]
-----------------------------------------------
                0.00    0.00      94/94          read_params [141]
[110]    0.0    0.00    0.00      94         updateparam [110]
                0.00    0.00      94/376         param_addr [91]
-----------------------------------------------
                0.00    0.00      93/93          getparam_ [112]
[111]    0.0    0.00    0.00      93         getparam [111]
                0.00    0.00      93/93          paramcopy [113]
                0.00    0.00      93/376         param_addr [91]
-----------------------------------------------
                0.00    0.00       1/93          obsinit_ [164]
                0.00    0.00       2/93          sthinit_ [10]
                0.00    0.00       3/93          transp_tindex_ [71]
                0.00    0.00       3/93          intinit_ [162]
                0.00    0.00       3/93          srunoffinit_ [177]
                0.00    0.00       3/93          muskingum_init_ [163]
                0.00    0.00       3/93          sumbinit_ [179]
                0.00    0.00       4/93          gwflowinit_ [159]
                0.00    0.00       5/93          climate_hru_ [13]
                0.00    0.00       9/93          dprst_init_ [156]
                0.00    0.00      12/93          climateflow_init_ [151]
                0.00    0.00      12/93          szinit_ [180]
                0.00    0.00      15/93          basinit_ [149]
                0.00    0.00      18/93          snoinit_ [176]
[112]    0.0    0.00    0.00      93         getparam_ [112]
                0.00    0.00     279/4747        umalloc [59]
                0.00    0.00      93/93          getparam [111]
-----------------------------------------------
                0.00    0.00      93/93          getparam [111]
[113]    0.0    0.00    0.00      93         paramcopy [113]
-----------------------------------------------
                0.00    0.00      67/67          setup_cont [172]
[114]    0.0    0.00    0.00      67         decl_control_int_array [114]
                0.00    0.00      67/4747        umalloc [59]
                0.00    0.00      67/131         decl_control [100]
-----------------------------------------------
                0.00    0.00      63/63          setup_cont [172]
[115]    0.0    0.00    0.00      63         decl_control_string [115]
                0.00    0.00      63/4747        umalloc [59]
                0.00    0.00      63/131         decl_control [100]
-----------------------------------------------
                0.00    0.00      26/26          snowbal_ [89]
[116]    0.0    0.00    0.00      26         caloss_ [116]
-----------------------------------------------
                0.00    0.00       1/26          alloc_space [148]
                0.00    0.00      25/26          decldim_ [120]
[117]    0.0    0.00    0.00      26         decldim [117]
                0.00    0.00      26/569         dim_addr [90]
                0.00    0.00      26/4747        umalloc [59]
                0.00    0.00      26/163         ADD_to_list [97]
                0.00    0.00      26/26          sort_dims [119]
-----------------------------------------------
                0.00    0.00      26/26          snorun_ [86]
[118]    0.0    0.00    0.00      26         snowevap_ [118]
-----------------------------------------------
                0.00    0.00      26/26          decldim [117]
[119]    0.0    0.00    0.00      26         sort_dims [119]
-----------------------------------------------
                0.00    0.00       1/25          prms_summary_ [48]
                0.00    0.00       2/25          declfix_ [139]
                0.00    0.00       4/25          obssetdims_ [165]
                0.00    0.00      18/25          setdims_ [41]
[120]    0.0    0.00    0.00      25         decldim_ [120]
                0.00    0.00      50/4747        umalloc [59]
                0.00    0.00      25/26          decldim [117]
-----------------------------------------------
                0.00    0.00       1/23          prms_summary_ [48]
                0.00    0.00       4/23          obsdecl_ [47]
                0.00    0.00      18/23          check_dims_ [150]
[121]    0.0    0.00    0.00      23         getdim_ [121]
                0.00    0.00      23/4747        umalloc [59]
                0.00    0.00      23/120         getdim [101]
-----------------------------------------------
                0.00    0.00       1/20          call_modules_ [1]
                0.00    0.00       1/20          basdecl_ [45]
                0.00    0.00       1/20          climateflow_decl_ [32]
                0.00    0.00       1/20          sthdecl_ [50]
                0.00    0.00       1/20          prms_time_ [70]
                0.00    0.00       1/20          obsdecl_ [47]
                0.00    0.00       1/20          transp_tindex_ [71]
                0.00    0.00       1/20          intdecl_ [39]
                0.00    0.00       1/20          snodecl_ [37]
                0.00    0.00       1/20          srunoffdecl_ [38]
                0.00    0.00       1/20          szdecl_ [35]
                0.00    0.00       1/20          gwflowdecl_ [42]
                0.00    0.00       1/20          routingdecl_ [43]
                0.00    0.00       1/20          muskingum_decl_ [49]
                0.00    0.00       1/20          prms_summary_ [48]
                0.00    0.00       1/20          sumbdecl_ [34]
                0.00    0.00       4/20          climate_hru_ [13]
[122]    0.0    0.00    0.00      20         print_module_ [122]
-----------------------------------------------
                0.00    0.00       2/15          climate_hru_ [13]
                0.00    0.00      13/15          setdims_ [41]
[123]    0.0    0.00    0.00      15         control_integer_ [123]
                0.00    0.00      15/4747        umalloc [59]
                0.00    0.00      15/1532        control_var [66]
-----------------------------------------------
                0.00    0.00       1/15          prms_summary_ [48]
                0.00    0.00       5/15          climate_hru_ [13]
                0.00    0.00       9/15          setdims_ [41]
[124]    0.0    0.00    0.00      15         control_string_ [124]
                0.00    0.00      15/4747        umalloc [59]
                0.00    0.00      15/1532        control_var [66]
-----------------------------------------------
                0.00    0.00      13/13          snowcov_ [93]
[125]    0.0    0.00    0.00      13         sca_deplcrv_ [125]
-----------------------------------------------
                0.00    0.00      12/12          setdims_ [41]
[126]    0.0    0.00    0.00      12         control_integer_array_ [126]
                0.00    0.00      12/4747        umalloc [59]
                0.00    0.00      12/1532        control_var [66]
-----------------------------------------------
                0.00    0.00       1/8           DATA_read_init [145]
                0.00    0.00       1/8           create_vstats [154]
                0.00    0.00       6/8           main [2]
[127]    0.0    0.00    0.00       8         control_svar [127]
                0.00    0.00       8/1532        control_var [66]
-----------------------------------------------
                0.00    0.00       1/8           call_modules_ [1]
                0.00    0.00       2/8           prms_open_output_file_ [140]
                0.00    0.00       5/8           prms_open_input_file_ [133]
[128]    0.0    0.00    0.00       8         numchars_ [128]
-----------------------------------------------
                0.00    0.00       2/7           prms_open_output_file_ [140]
                0.00    0.00       5/7           prms_open_input_file_ [133]
[129]    0.0    0.00    0.00       7         get_ftnunit_ [129]
-----------------------------------------------
                0.00    0.00       6/6           rc [167]
[130]    0.0    0.00    0.00       6         add_control [130]
                0.00    0.00      12/4747        umalloc [59]
                0.00    0.00       6/2453        control_addr [64]
                0.00    0.00       6/163         ADD_to_list [97]
-----------------------------------------------
                0.00    0.00       5/5           climate_hru_ [13]
[131]    0.0    0.00    0.00       5         find_current_time_ [131]
-----------------------------------------------
                0.00    0.00       5/5           climate_hru_ [13]
[132]    0.0    0.00    0.00       5         find_header_end_ [132]
                0.00    0.00       5/5           prms_open_input_file_ [133]
-----------------------------------------------
                0.00    0.00       5/5           find_header_end_ [132]
[133]    0.0    0.00    0.00       5         prms_open_input_file_ [133]
                0.00    0.00       5/7           get_ftnunit_ [129]
                0.00    0.00       5/8           numchars_ [128]
-----------------------------------------------
                0.00    0.00       4/4           CHECK_stat_vars [142]
[134]    0.0    0.00    0.00       4         CheckIndices [134]
                0.00    0.00       4/3233        var_addr [61]
-----------------------------------------------
                0.00    0.00       4/4           create_vstats [154]
[135]    0.0    0.00    0.00       4         GetElemAddress [135]
                0.00    0.00       4/3233        var_addr [61]
-----------------------------------------------
                0.00    0.00       1/4           READ_param_head [96]
                0.00    0.00       1/4           read_dims [170]
                0.00    0.00       2/4           read_params [141]
[136]    0.0    0.00    0.00       4         close_parameter_file [136]
-----------------------------------------------
                0.00    0.00       1/3           main [2]
                0.00    0.00       2/3           alloc_space [148]
[137]    0.0    0.00    0.00       3         ALLOC_list [137]
-----------------------------------------------
                0.00    0.00       1/3           read_dims [170]
                0.00    0.00       2/3           read_params [141]
[138]    0.0    0.00    0.00       3         open_parameter_file [138]
-----------------------------------------------
                0.00    0.00       2/2           setdims_ [41]
[139]    0.0    0.00    0.00       2         declfix_ [139]
                0.00    0.00       2/25          decldim_ [120]
-----------------------------------------------
                0.00    0.00       1/2           setdims_ [41]
                0.00    0.00       1/2           prms_summary_ [48]
[140]    0.0    0.00    0.00       2         prms_open_output_file_ [140]
                0.00    0.00       2/7           get_ftnunit_ [129]
                0.00    0.00       2/8           numchars_ [128]
-----------------------------------------------
                0.00    0.00       2/2           main [2]
[141]    0.0    0.00    0.00       2         read_params [141]
                0.00    0.00     189/189         READ_param_head [96]
                0.00    0.00      94/94          READ_param_values [109]
                0.00    0.00      94/94          updateparam [110]
                0.00    0.00      88/52305       get_next_line [57]
                0.00    0.00      14/4747        umalloc [59]
                0.00    0.00       2/3           open_parameter_file [138]
                0.00    0.00       2/4           close_parameter_file [136]
-----------------------------------------------
                0.00    0.00       1/1           single_run_pre_init [175]
[142]    0.0    0.00    0.00       1         CHECK_stat_vars [142]
                0.00    0.00       7/1532        control_var [66]
                0.00    0.00       4/4           CheckIndices [134]
-----------------------------------------------
                0.00    0.00       1/1           single_run_pre_init [175]
[143]    0.0    0.00    0.00       1         DATA_check_start [143]
                0.00    0.00       1/739         control_var_size [68]
-----------------------------------------------
                0.00    0.00       1/1           single_run_post_cleanup [173]
[144]    0.0    0.00    0.00       1         DATA_close [144]
                0.00    0.00       1/739         control_var_size [68]
-----------------------------------------------
                0.00    0.00       1/1           single_run_pre_init [175]
[145]    0.0    0.00    0.00       1         DATA_read_init [145]
                0.00    0.00       3/4747        umalloc [59]
                0.00    0.00       1/8           control_svar [127]
                0.00    0.00       1/739         control_var_size [68]
                0.00    0.00       1/730         EXTRACT_time [79]
-----------------------------------------------
                0.00    0.00       1/1           main [2]
[146]    0.0    0.00    0.00       1         READ_data_info [146]
                0.00    0.00       2/4747        umalloc [59]
                0.00    0.00       1/1532        control_var [66]
                0.00    0.00       1/739         control_var_size [68]
                0.00    0.00       1/1           read_datainfo [169]
-----------------------------------------------
                0.00    0.00       1/1           ADD_to_list [97]
[147]    0.0    0.00    0.00       1         RESIZE_list [147]
-----------------------------------------------
                0.00    0.00       1/1           main [2]
[148]    0.0    0.00    0.00       1         alloc_space [148]
                0.00    0.00       3/4747        umalloc [59]
                0.00    0.00       2/3           ALLOC_list [137]
                0.00    0.00       1/26          decldim [117]
-----------------------------------------------
                0.00    0.00       1/1           basin_ [44]
[149]    0.0    0.00    0.00       1         basinit_ [149]
                0.00    0.00      15/93          getparam_ [112]
                0.00    0.00       7/822         write_outfile_ [67]
-----------------------------------------------
                0.00    0.00       1/1           call_modules_ [1]
[150]    0.0    0.00    0.00       1         check_dims_ [150]
                0.00    0.00      18/23          getdim_ [121]
-----------------------------------------------
                0.00    0.00       1/1           climateflow_ [31]
[151]    0.0    0.00    0.00       1         climateflow_init_ [151]
                0.00    0.00    3096/568116      f_to_c_ [51]
                0.00    0.00      12/93          getparam_ [112]
-----------------------------------------------
                0.00    0.00       1/1           single_run_post_cleanup [173]
[152]    0.0    0.00    0.00       1         closeRuntimeGraphs [152]
-----------------------------------------------
                0.00    0.00       1/1           setdims_ [41]
[153]    0.0    0.00    0.00       1         control_file_name_ [153]
                0.00    0.00       1/4747        umalloc [59]
-----------------------------------------------
                0.00    0.00       1/1           single_run_pre_init [175]
[154]    0.0    0.00    0.00       1         create_vstats [154]
                0.00    0.00       8/4747        umalloc [59]
                0.00    0.00       4/4           GetElemAddress [135]
                0.00    0.00       4/3233        var_addr [61]
                0.00    0.00       2/1532        control_var [66]
                0.00    0.00       1/8           control_svar [127]
-----------------------------------------------
                0.00    0.00       1/1           setup_cont [172]
[155]    0.0    0.00    0.00       1         decl_control_float_array [155]
                0.00    0.00       1/4747        umalloc [59]
                0.00    0.00       1/131         decl_control [100]
-----------------------------------------------
                0.00    0.00       1/1           srunoffinit_ [177]
[156]    0.0    0.00    0.00       1         dprst_init_ [156]
                0.00    0.00       9/93          getparam_ [112]
-----------------------------------------------
                0.00    0.00       1/1           single_run_post_cleanup [173]
[157]    0.0    0.00    0.00       1         free_vstats [157]
                0.00    0.00       1/735         control_lvar [69]
-----------------------------------------------
                0.00    0.00       1/1           main [2]
[158]    0.0    0.00    0.00       1         get_times [158]
                0.00    0.00       3/1532        control_var [66]
                0.00    0.00       2/732         julday [72]
-----------------------------------------------
                0.00    0.00       1/1           gwflow_ [23]
[159]    0.0    0.00    0.00       1         gwflowinit_ [159]
                0.00    0.00       4/93          getparam_ [112]
-----------------------------------------------
                0.00    0.00       1/1           sumbinit_ [179]
[160]    0.0    0.00    0.00       1         header_print_ [160]
                0.00    0.00       4/822         write_outfile_ [67]
-----------------------------------------------
                0.00    0.00       1/1           single_run_post_init [174]
[161]    0.0    0.00    0.00       1         initializeRuntimeGraphs [161]
-----------------------------------------------
                0.00    0.00       1/1           intcp_ [16]
[162]    0.0    0.00    0.00       1         intinit_ [162]
                0.00    0.00       3/93          getparam_ [112]
-----------------------------------------------
                0.00    0.00       1/1           muskingum_ [8]
[163]    0.0    0.00    0.00       1         muskingum_init_ [163]
                0.00    0.00       3/93          getparam_ [112]
-----------------------------------------------
                0.00    0.00       1/1           obs_ [46]
[164]    0.0    0.00    0.00       1         obsinit_ [164]
                0.00    0.00       1/93          getparam_ [112]
-----------------------------------------------
                0.00    0.00       1/1           obs_ [46]
[165]    0.0    0.00    0.00       1         obssetdims_ [165]
                0.00    0.00       4/25          decldim_ [120]
-----------------------------------------------
                0.00    0.00       1/1           main [2]
[166]    0.0    0.00    0.00       1         parse_args [166]
-----------------------------------------------
                0.00    0.00       1/1           read_control [168]
[167]    0.0    0.00    0.00       1         rc [167]
                0.00    0.00     283/283         fgets_rc [94]
                0.00    0.00      45/2453        control_addr [64]
                0.00    0.00      45/4747        umalloc [59]
                0.00    0.00       6/6           add_control [130]
-----------------------------------------------
                0.00    0.00       1/1           main [2]
[168]    0.0    0.00    0.00       1         read_control [168]
                0.00    0.00       1/1           rc [167]
-----------------------------------------------
                0.00    0.00       1/1           READ_data_info [146]
[169]    0.0    0.00    0.00       1         read_datainfo [169]
                0.00    0.00      10/4747        umalloc [59]
                0.00    0.00       4/3233        var_addr [61]
-----------------------------------------------
                0.00    0.00       1/1           main [2]
[170]    0.0    0.00    0.00       1         read_dims [170]
                0.00    0.00      43/52305       get_next_line [57]
                0.00    0.00      13/569         dim_addr [90]
                0.00    0.00       1/3           open_parameter_file [138]
                0.00    0.00       1/4           close_parameter_file [136]
-----------------------------------------------
                0.00    0.00       1/1           routing_ [17]
[171]    0.0    0.00    0.00       1         routinginit_ [171]
-----------------------------------------------
                0.00    0.00       1/1           main [2]
[172]    0.0    0.00    0.00       1         setup_cont [172]
                0.00    0.00      67/67          decl_control_int_array [114]
                0.00    0.00      64/4747        umalloc [59]
                0.00    0.00      63/63          decl_control_string [115]
                0.00    0.00       1/1           decl_control_float_array [155]
-----------------------------------------------
                0.00    0.00       1/1           BATCH_run [4]
[173]    0.0    0.00    0.00       1         single_run_post_cleanup [173]
                0.00    0.00       1/1           DATA_close [144]
                0.00    0.00       1/1           free_vstats [157]
                0.00    0.00       1/1           closeRuntimeGraphs [152]
-----------------------------------------------
                0.00    0.00       1/1           BATCH_run [4]
[174]    0.0    0.00    0.00       1         single_run_post_init [174]
                0.00    0.00       1/1           initializeRuntimeGraphs [161]
-----------------------------------------------
                0.00    0.00       1/1           BATCH_run [4]
[175]    0.0    0.00    0.00       1         single_run_pre_init [175]
                0.00    0.00       3/735         control_lvar [69]
                0.00    0.00       3/1532        control_var [66]
                0.00    0.00       1/1           CHECK_stat_vars [142]
                0.00    0.00       1/1           DATA_read_init [145]
                0.00    0.00       1/1           create_vstats [154]
                0.00    0.00       1/1           DATA_check_start [143]
-----------------------------------------------
                0.00    0.00       1/1           snowcomp_ [36]
[176]    0.0    0.00    0.00       1         snoinit_ [176]
                0.00    0.00      18/93          getparam_ [112]
-----------------------------------------------
                0.00    0.00       1/1           srunoff_ [14]
[177]    0.0    0.00    0.00       1         srunoffinit_ [177]
                0.00    0.00       3/93          getparam_ [112]
                0.00    0.00       1/1           dprst_init_ [156]
-----------------------------------------------
                0.00    0.00       1/1           call_modules_ [1]
[178]    0.0    0.00    0.00       1         subbasin_ [178]
-----------------------------------------------
                0.00    0.00       1/1           basin_sum_ [33]
[179]    0.0    0.00    0.00       1         sumbinit_ [179]
                0.00    0.00       3/93          getparam_ [112]
                0.00    0.00       1/1           header_print_ [160]
                0.00    0.00       1/2194        julian_day_ [65]
-----------------------------------------------
                0.00    0.00       1/1           soilzone_ [5]
[180]    0.0    0.00    0.00       1         szinit_ [180]
                0.00    0.00      12/93          getparam_ [112]
                0.00    0.00       1/731         init_basin_vars_ [76]
-----------------------------------------------

 This table describes the call tree of the program, and was sorted by
 the total amount of time spent in each function and its children.

 Each entry in this table consists of several lines.  The line with the
 index number at the left hand margin lists the current function.
 The lines above it list the functions that called this function,
 and the lines below it list the functions this one called.
 This line lists:
     index	A unique number given to each element of the table.
		Index numbers are sorted numerically.
		The index number is printed next to every function name so
		it is easier to look up where the function is in the table.

     % time	This is the percentage of the `total' time that was spent
		in this function and its children.  Note that due to
		different viewpoints, functions excluded by options, etc,
		these numbers will NOT add up to 100%.

     self	This is the total amount of time spent in this function.

     children	This is the total amount of time propagated into this
		function by its children.

     called	This is the number of times the function was called.
		If the function called itself recursively, the number
		only includes non-recursive calls, and is followed by
		a `+' and the number of recursive calls.

     name	The name of the current function.  The index number is
		printed after it.  If the function is a member of a
		cycle, the cycle number is printed between the
		function's name and the index number.


 For the function's parents, the fields have the following meanings:

     self	This is the amount of time that was propagated directly
		from the function into this parent.

     children	This is the amount of time that was propagated from
		the function's children into this parent.

     called	This is the number of times this parent called the
		function `/' the total number of times the function
		was called.  Recursive calls to the function are not
		included in the number after the `/'.

     name	This is the name of the parent.  The parent's index
		number is printed after it.  If the parent is a
		member of a cycle, the cycle number is printed between
		the name and the index number.

 If the parents of the function cannot be determined, the word
 `<spontaneous>' is printed in the `name' field, and all the other
 fields are blank.

 For the function's children, the fields have the following meanings:

     self	This is the amount of time that was propagated directly
		from the child into the function.

     children	This is the amount of time that was propagated from the
		child's children to the function.

     called	This is the number of times the function called
		this child `/' the total number of times the child
		was called.  Recursive calls by the child are not
		listed in the number after the `/'.

     name	This is the name of the child.  The child's index
		number is printed after it.  If the child is a
		member of a cycle, the cycle number is printed
		between the name and the index number.

 If there are any cycles (circles) in the call graph, there is an
 entry for the cycle-as-a-whole.  This entry shows who called the
 cycle (as parents) and the members of the cycle (as children.)
 The `+' recursive calls entry shows the number of function calls that
 were internal to the cycle, and the calls entry for each member shows,
 for that member, how many times it was called from other members of
 the cycle.

Copyright (C) 2012-2015 Free Software Foundation, Inc.

Copying and distribution of this file, with or without modification,
are permitted in any medium without royalty provided the copyright
notice and this notice are preserved.

Index by function name

  [97] ADD_to_list           [115] decl_control_string   [122] print_module_
 [137] ALLOC_list            [117] decldim               [133] prms_open_input_file_
   [4] BATCH_run             [120] decldim_              [140] prms_open_output_file_
  [52] CHECK_data            [139] declfix_               [48] prms_summary_
 [104] CHECK_param_in_db     [105] declparam              [70] prms_time_
 [142] CHECK_stat_vars       [106] declparam_            [167] rc
 [134] CheckIndices           [28] declvar               [168] read_control
 [143] DATA_check_start       [29] declvar_              [169] read_datainfo
 [144] DATA_close             [75] deltim_               [170] read_dims
 [145] DATA_read_init         [90] dim_addr               [78] read_line
  [79] EXTRACT_time           [20] dprst_comp_           [141] read_params
  [73] FILE_with_next_ts     [156] dprst_init_            [62] readvar
 [135] GetElemAddress         [51] f_to_c_                [63] readvar_
 [146] READ_data_info         [94] fgets_rc               [22] route_run_
  [96] READ_param_head       [131] find_current_time_     [17] routing_
 [109] READ_param_values     [132] find_header_end_       [43] routingdecl_
 [147] RESIZE_list           [157] free_vstats           [171] routinginit_
 [130] add_control            [53] func3_                [125] sca_deplcrv_
 [148] alloc_space           [129] get_ftnunit_           [41] setdims_
  [45] basdecl_               [57] get_next_line         [172] setup_cont
  [44] basin_                [158] get_times             [173] single_run_post_cleanup
  [33] basin_sum_            [101] getdim                [174] single_run_post_init
 [149] basinit_              [121] getdim_                [84] single_run_post_run
  [99] calin_                [111] getparam              [175] single_run_pre_init
   [3] call_modules          [112] getparam_              [85] single_run_pre_run
   [1] call_modules_          [23] gwflow_                [92] snalbedo_
  [40] call_setdims           [42] gwflowdecl_            [37] snodecl_
 [116] caloss_               [159] gwflowinit_           [176] snoinit_
 [102] check_capacity_        [27] gwflowrun_             [86] snorun_
 [150] check_dims_           [160] header_print_          [89] snowbal_
  [13] climate_hru_           [76] init_basin_vars_       [36] snowcomp_
  [31] climateflow_          [161] initializeRuntimeGraphs [93] snowcov_
  [32] climateflow_decl_      [16] intcp_                [118] snowevap_
 [151] climateflow_init_      [39] intdecl_                [5] soilzone_
 [152] closeRuntimeGraphs     [56] intercept_              [7] soltab_
 [136] close_parameter_file  [162] intinit_              [119] sort_dims
  [58] compute_gwflow_        [21] intrun_               [108] sort_params
  [24] compute_infil_        [103] isDimensionIncompatable [30] sort_vars
  [18] compute_interflow_     [72] julday                 [14] srunoff_
  [60] compute_julday_        [65] julian_day_            [38] srunoffdecl_
  [54] compute_soilmoist_     [77] leap_day_             [177] srunoffinit_
   [9] compute_soltab_       [107] load_param             [15] srunoffrun_
  [19] compute_szactet_        [8] muskingum_             [50] sthdecl_
  [12] compute_t_             [49] muskingum_decl_        [10] sthinit_
  [64] control_addr          [163] muskingum_init_        [95] str_to_vals
 [153] control_file_name_     [11] muskingum_run_        [178] subbasin_
  [74] control_fvar          [128] numchars_              [34] sumbdecl_
 [123] control_integer_       [46] obs_                  [179] sumbinit_
 [126] control_integer_array_ [47] obsdecl_               [87] sumbrun_
  [69] control_lvar          [164] obsinit_               [35] szdecl_
 [124] control_string_        [82] obsrun_               [180] szinit_
 [127] control_svar          [165] obssetdims_             [6] szrun_
  [66] control_var           [138] open_parameter_file    [25] temp_set_
  [68] control_var_size       [91] param_addr             [71] transp_tindex_
 [154] create_vstats         [113] paramcopy              [59] umalloc
  [80] dattim                [166] parse_args            [110] updateparam
  [81] dattim_                [26] perv_comp_             [61] var_addr
 [100] decl_control           [83] plotRuntimeGraphValue  [67] write_outfile_
 [155] decl_control_float_array [98] ppt_to_pack_         [88] write_vstats
 [114] decl_control_int_array [55] precip_form_
